c:\users\see\source\repos\myserverpf\myservercore\x64\debug\myservercore.pch
c:\users\see\source\repos\myserverpf\x64\debug\myservercore.pdb
c:\users\see\source\repos\myserverpf\x64\debug\myservercore.idb
c:\users\see\source\repos\myserverpf\myservercore\x64\debug\pch.obj
c:\users\see\source\repos\myserverpf\myservercore\x64\debug\session.obj
c:\users\see\source\repos\myserverpf\myservercore\x64\debug\sendbuffer.obj
c:\users\see\source\repos\myserverpf\myservercore\x64\debug\recvbuffer.obj
c:\users\see\source\repos\myserverpf\myservercore\x64\debug\netutils.obj
c:\users\see\source\repos\myserverpf\myservercore\x64\debug\netservice.obj
c:\users\see\source\repos\myserverpf\myservercore\x64\debug\memorypool.obj
c:\users\see\source\repos\myserverpf\myservercore\x64\debug\memory.obj
c:\users\see\source\repos\myserverpf\myservercore\x64\debug\listensession.obj
c:\users\see\source\repos\myserverpf\myservercore\x64\debug\iocpobject.obj
c:\users\see\source\repos\myserverpf\myservercore\x64\debug\iocpevent.obj
c:\users\see\source\repos\myserverpf\myservercore\x64\debug\iocpcore.obj
c:\users\see\source\repos\myserverpf\myservercore\x64\debug\global.obj
c:\users\see\source\repos\myserverpf\myservercore\x64\debug\allocator.obj
c:\users\see\source\repos\myserverpf\x64\debug\myservercore.lib
c:\users\see\source\repos\myserverpf\myservercore\x64\debug\myservercore.tlog\cl.command.1.tlog
c:\users\see\source\repos\myserverpf\myservercore\x64\debug\myservercore.tlog\cl.read.1.tlog
c:\users\see\source\repos\myserverpf\myservercore\x64\debug\myservercore.tlog\cl.write.1.tlog
c:\users\see\source\repos\myserverpf\myservercore\x64\debug\myservercore.tlog\lib-link.read.1.tlog
c:\users\see\source\repos\myserverpf\myservercore\x64\debug\myservercore.tlog\lib-link.write.1.tlog
c:\users\see\source\repos\myserverpf\myservercore\x64\debug\myservercore.tlog\lib.command.1.tlog
