c:\users\see\source\repos\myserverpf\myserverpf\x64\debug\myserverpf.pch
c:\users\see\source\repos\myserverpf\myserverpf\x64\debug\vc143.pdb
c:\users\see\source\repos\myserverpf\myserverpf\x64\debug\vc143.idb
c:\users\see\source\repos\myserverpf\myserverpf\x64\debug\clientpackethandler.obj
c:\users\see\source\repos\myserverpf\myserverpf\x64\debug\clientsession.obj
c:\users\see\source\repos\myserverpf\myserverpf\x64\debug\myserverpf.obj
c:\users\see\source\repos\myserverpf\myserverpf\x64\debug\pch.obj
c:\users\see\source\repos\myserverpf\myserverpf\x64\debug\player.obj
c:\users\see\source\repos\myserverpf\myserverpf\x64\debug\room.obj
c:\users\see\source\repos\myserverpf\myserverpf\x64\debug\sessionmanager.obj
c:\users\see\source\repos\myserverpf\myserverpf\x64\debug\mystruct.pb.obj
c:\users\see\source\repos\myserverpf\myserverpf\x64\debug\myprotocol.pb.obj
c:\users\see\source\repos\myserverpf\myserverpf\x64\debug\myenum.pb.obj
c:\users\see\source\repos\myserverpf\x64\debug\myserverpf.exe
c:\users\see\source\repos\myserverpf\myserverpf\x64\debug\myserverpf.ilk
c:\users\see\source\repos\myserverpf\x64\debug\myserverpf.pdb
c:\users\see\source\repos\myserverpf\myserverpf\x64\debug\myserverpf.tlog\cl.command.1.tlog
c:\users\see\source\repos\myserverpf\myserverpf\x64\debug\myserverpf.tlog\cl.read.1.tlog
c:\users\see\source\repos\myserverpf\myserverpf\x64\debug\myserverpf.tlog\cl.write.1.tlog
c:\users\see\source\repos\myserverpf\myserverpf\x64\debug\myserverpf.tlog\link.command.1.tlog
c:\users\see\source\repos\myserverpf\myserverpf\x64\debug\myserverpf.tlog\link.read.1.tlog
c:\users\see\source\repos\myserverpf\myserverpf\x64\debug\myserverpf.tlog\link.write.1.tlog
